0 info it worked if it ends with ok
1 verbose cli [ 'C:\\Program Files\\nodejs\\\\node.exe',
1 verbose cli   'C:\\Program Files\\nodejs\\node_modules\\npm\\bin\\npm-cli.js',
1 verbose cli   'install',
1 verbose cli   'angular-material',
1 verbose cli   '.' ]
2 info using npm@1.4.9
3 info using node@v0.10.28
4 verbose node symlink C:\Program Files\nodejs\\node.exe
5 verbose readDependencies using package.json deps
6 verbose cache add [ 'angular-material@^1.0.6', null ]
7 verbose cache add name=undefined spec="angular-material@^1.0.6" args=["angular-material@^1.0.6",null]
8 verbose parsed url { protocol: null,
8 verbose parsed url   slashes: null,
8 verbose parsed url   auth: null,
8 verbose parsed url   host: null,
8 verbose parsed url   port: null,
8 verbose parsed url   hostname: null,
8 verbose parsed url   hash: null,
8 verbose parsed url   search: null,
8 verbose parsed url   query: null,
8 verbose parsed url   pathname: 'angular-material@^1.0.6',
8 verbose parsed url   path: 'angular-material@^1.0.6',
8 verbose parsed url   href: 'angular-material@^1.0.6' }
9 verbose cache add name="angular-material" spec="^1.0.6" args=["angular-material","^1.0.6"]
10 verbose parsed url { protocol: null,
10 verbose parsed url   slashes: null,
10 verbose parsed url   auth: null,
10 verbose parsed url   host: null,
10 verbose parsed url   port: null,
10 verbose parsed url   hostname: null,
10 verbose parsed url   hash: null,
10 verbose parsed url   search: null,
10 verbose parsed url   query: null,
10 verbose parsed url   pathname: '^1.0.6',
10 verbose parsed url   path: '^1.0.6',
10 verbose parsed url   href: '^1.0.6' }
11 verbose addNamed [ 'angular-material', '^1.0.6' ]
12 verbose addNamed [ null, '>=1.0.6-0 <2.0.0-0' ]
13 verbose cache add [ '.', null ]
14 verbose cache add name=undefined spec="." args=[".",null]
15 verbose parsed url { protocol: null,
15 verbose parsed url   slashes: null,
15 verbose parsed url   auth: null,
15 verbose parsed url   host: null,
15 verbose parsed url   port: null,
15 verbose parsed url   hostname: null,
15 verbose parsed url   hash: null,
15 verbose parsed url   search: null,
15 verbose parsed url   query: null,
15 verbose parsed url   pathname: '.',
15 verbose parsed url   path: '.',
15 verbose parsed url   href: '.' }
16 silly lockFile 165e65d0-angular-material-1-0-6 angular-material@^1.0.6
17 verbose lock angular-material@^1.0.6 C:\Users\wyn\AppData\Roaming\npm-cache\165e65d0-angular-material-1-0-6.lock
18 silly lockFile 3a52ce78- .
19 verbose lock . C:\Users\wyn\AppData\Roaming\npm-cache\3a52ce78-.lock
20 silly addNameRange { name: 'angular-material',
20 silly addNameRange   range: '>=1.0.6-0 <2.0.0-0',
20 silly addNameRange   hasData: false }
21 verbose url raw angular-material
22 verbose url resolving [ 'https://registry.npmjs.org/', './angular-material' ]
23 verbose url resolved https://registry.npmjs.org/angular-material
24 info trying registry request attempt 1 at 21:32:43
25 verbose etag "7LT0UMCD6J07RAX4KBI51NTIK"
26 http GET https://registry.npmjs.org/angular-material
27 silly lockFile 3a52ce78- .
28 silly lockFile 3a52ce78- .
29 error addLocal Could not install .
30 error Error: ENOENT, open 'C:\workspace-android\DailyNutri-Android\www\package.json'
31 error If you need help, you may report this *entire* log,
31 error including the npm and node versions, at:
31 error     <http://github.com/npm/npm/issues>
32 error System Windows_NT 6.2.9200
33 error command "C:\\Program Files\\nodejs\\\\node.exe" "C:\\Program Files\\nodejs\\node_modules\\npm\\bin\\npm-cli.js" "install" "angular-material" "."
34 error cwd C:\workspace-android\DailyNutri-Android\www
35 error node -v v0.10.28
36 error npm -v 1.4.9
37 error path C:\workspace-android\DailyNutri-Android\www\package.json
38 error code ENOENT
39 error errno 34
40 verbose exit [ 34, true ]
